[    1023ms] [LOG] %c
▲

    ________   _ __ _          ____           __
   /  _/ __/  (_) /( )_____   / __/___ ______/ /_
   / // /_   / / __/// ___/  / /_/ __ `/ ___/ __/
 _/ // __/  / / /_  (__  )  / __/ /_/ (__  ) /_
/___/_/    /_/\__/ /____/  /_/  \__,_/____/\__/
    _ __ _                         _    __                    __
   (_) /( )_____   ____  ____     | |  / /__  _____________  / /
  / / __/// ___/  / __ \/ __ \    | | / / _ \/ ___/ ___/ _ \/ /
 / / /_  (__  )  / /_/ / / / /    | |/ /  __/ /  / /__/  __/ /
/_/\__/ /____/   \____/_/ /_/     |___/\___/_/   \___/\___/_/
  

Hello!

- Open Source https://vercel.com/oss
- Careers https://vercel.com/careers
- Status https://vercel-status.com

 font-family: "Geist Mono", monospace; white-space: pre; line-height: 1; @ https://vercel.com/vc-ap-vercel-marketing/_next/static/chunks/3je1pqzd_11zi.js?dpl=dpl_E6gajb6Tnvxx8SZha4AhfjUEeBrz:72
[    2783ms] [ERROR] Failed to load resource: the server responded with a status of 403 () @ https://vercel.com/api/jwt:0
[    3794ms] [WARNING] Deprecated API for given entry type. @ https://vercel.com/vc-ap-vercel-marketing/_next/static/chunks/31rxnsq0uuzvd.js?dpl=dpl_E6gajb6Tnvxx8SZha4AhfjUEeBrz:18
[    4078ms] [ERROR] Failed to load resource: the server responded with a status of 429 () @ https://o205439.ingest.us.sentry.io/api/4507726617772032/envelope/?sentry_key=285c77642188feae6e662bd2903e2d52&sentry_version=7&sentry_client=sentry.javascript.browser%2F7.111.0:0
[    7136ms] [WARNING] The resource https://vercel.com/vc-ap-vercel-marketing/_next/static/media/9d9927955a95a20d-s.p.0i8f_s95odn18.woff2?dpl=dpl_E6gajb6Tnvxx8SZha4AhfjUEeBrz was preloaded using link preload but not used within a few seconds from the window's load event. Please make sure it has an appropriate `as` value and it is preloaded intentionally. @ https://vercel.com/:0
[    7136ms] [WARNING] The resource https://vercel.com/vc-ap-vercel-marketing/_next/static/chunks/10ue55jnn7mcb.css?dpl=dpl_E6gajb6Tnvxx8SZha4AhfjUEeBrz was preloaded using link preload but not used within a few seconds from the window's load event. Please make sure it has an appropriate `as` value and it is preloaded intentionally. @ https://vercel.com/:0
[    7136ms] [WARNING] The resource https://vercel.com/vc-ap-vercel-marketing/_next/static/chunks/2jfkba94r7hen.css?dpl=dpl_E6gajb6Tnvxx8SZha4AhfjUEeBrz was preloaded using link preload but not used within a few seconds from the window's load event. Please make sure it has an appropriate `as` value and it is preloaded intentionally. @ https://vercel.com/:0
[    7136ms] [WARNING] The resource https://vercel.com/vc-ap-vercel-marketing/_next/static/chunks/01e_qjxec7p64.css?dpl=dpl_E6gajb6Tnvxx8SZha4AhfjUEeBrz was preloaded using link preload but not used within a few seconds from the window's load event. Please make sure it has an appropriate `as` value and it is preloaded intentionally. @ https://vercel.com/:0
[    7136ms] [WARNING] The resource https://vercel.com/vc-ap-vercel-marketing/_next/static/chunks/3w1ckg6j5byxq.css?dpl=dpl_E6gajb6Tnvxx8SZha4AhfjUEeBrz was preloaded using link preload but not used within a few seconds from the window's load event. Please make sure it has an appropriate `as` value and it is preloaded intentionally. @ https://vercel.com/:0
[    7136ms] [WARNING] The resource https://vercel.com/vc-ap-vercel-marketing/_next/static/chunks/3g-17wzn4vvtd.css?dpl=dpl_E6gajb6Tnvxx8SZha4AhfjUEeBrz was preloaded using link preload but not used within a few seconds from the window's load event. Please make sure it has an appropriate `as` value and it is preloaded intentionally. @ https://vercel.com/:0
[    7136ms] [WARNING] The resource https://vercel.com/vc-ap-vercel-marketing/_next/static/chunks/205-84plau5m0.css?dpl=dpl_E6gajb6Tnvxx8SZha4AhfjUEeBrz was preloaded using link preload but not used within a few seconds from the window's load event. Please make sure it has an appropriate `as` value and it is preloaded intentionally. @ https://vercel.com/:0
[    7136ms] [WARNING] The resource https://vercel.com/vc-ap-vercel-marketing/_next/static/chunks/1cp25b5xba1g-.css?dpl=dpl_E6gajb6Tnvxx8SZha4AhfjUEeBrz was preloaded using link preload but not used within a few seconds from the window's load event. Please make sure it has an appropriate `as` value and it is preloaded intentionally. @ https://vercel.com/:0
[    7136ms] [WARNING] The resource https://vercel.com/vc-ap-vercel-marketing/_next/static/chunks/2q0l1cobusu18.css?dpl=dpl_E6gajb6Tnvxx8SZha4AhfjUEeBrz was preloaded using link preload but not used within a few seconds from the window's load event. Please make sure it has an appropriate `as` value and it is preloaded intentionally. @ https://vercel.com/:0
[    7136ms] [WARNING] The resource https://vercel.com/vc-ap-vercel-marketing/_next/static/chunks/2u6-68bzum7ei.css?dpl=dpl_E6gajb6Tnvxx8SZha4AhfjUEeBrz was preloaded using link preload but not used within a few seconds from the window's load event. Please make sure it has an appropriate `as` value and it is preloaded intentionally. @ https://vercel.com/:0
[    7136ms] [WARNING] The resource https://vercel.com/vc-ap-vercel-marketing/_next/static/chunks/2u9t0ep8nc2r2.css?dpl=dpl_E6gajb6Tnvxx8SZha4AhfjUEeBrz was preloaded using link preload but not used within a few seconds from the window's load event. Please make sure it has an appropriate `as` value and it is preloaded intentionally. @ https://vercel.com/:0
[    7136ms] [WARNING] The resource https://vercel.com/vc-ap-vercel-marketing/_next/static/chunks/3n1dcvg19useq.css?dpl=dpl_E6gajb6Tnvxx8SZha4AhfjUEeBrz was preloaded using link preload but not used within a few seconds from the window's load event. Please make sure it has an appropriate `as` value and it is preloaded intentionally. @ https://vercel.com/:0
[    7136ms] [WARNING] The resource https://vercel.com/vc-ap-vercel-marketing/_next/static/chunks/431l2c4co55ve.css?dpl=dpl_E6gajb6Tnvxx8SZha4AhfjUEeBrz was preloaded using link preload but not used within a few seconds from the window's load event. Please make sure it has an appropriate `as` value and it is preloaded intentionally. @ https://vercel.com/:0
[    7136ms] [WARNING] The resource https://vercel.com/vc-ap-vercel-marketing/_next/static/chunks/07ocf8uxia3v1.css?dpl=dpl_E6gajb6Tnvxx8SZha4AhfjUEeBrz was preloaded using link preload but not used within a few seconds from the window's load event. Please make sure it has an appropriate `as` value and it is preloaded intentionally. @ https://vercel.com/:0
[    7136ms] [WARNING] The resource https://vercel.com/vc-ap-vercel-marketing/_next/static/chunks/0g2go0qk2o1yq.css?dpl=dpl_E6gajb6Tnvxx8SZha4AhfjUEeBrz was preloaded using link preload but not used within a few seconds from the window's load event. Please make sure it has an appropriate `as` value and it is preloaded intentionally. @ https://vercel.com/:0
[    7136ms] [WARNING] The resource https://vercel.com/vc-ap-vercel-marketing/_next/static/chunks/20lrx04dhx3_b.css?dpl=dpl_E6gajb6Tnvxx8SZha4AhfjUEeBrz was preloaded using link preload but not used within a few seconds from the window's load event. Please make sure it has an appropriate `as` value and it is preloaded intentionally. @ https://vercel.com/:0
[    7136ms] [WARNING] The resource https://vercel.com/vc-ap-vercel-marketing/_next/static/chunks/15esvlabgc1d0.css?dpl=dpl_E6gajb6Tnvxx8SZha4AhfjUEeBrz was preloaded using link preload but not used within a few seconds from the window's load event. Please make sure it has an appropriate `as` value and it is preloaded intentionally. @ https://vercel.com/:0
[    7136ms] [WARNING] The resource https://vercel.com/vc-ap-vercel-marketing/_next/static/chunks/3e0zxerqr6pe8.css?dpl=dpl_E6gajb6Tnvxx8SZha4AhfjUEeBrz was preloaded using link preload but not used within a few seconds from the window's load event. Please make sure it has an appropriate `as` value and it is preloaded intentionally. @ https://vercel.com/:0
[    7136ms] [WARNING] The resource https://vercel.com/vc-ap-vercel-marketing/_next/static/chunks/2787g0s1y0d0x.css?dpl=dpl_E6gajb6Tnvxx8SZha4AhfjUEeBrz was preloaded using link preload but not used within a few seconds from the window's load event. Please make sure it has an appropriate `as` value and it is preloaded intentionally. @ https://vercel.com/:0
[    7136ms] [WARNING] The resource https://vercel.com/vc-ap-vercel-marketing/_next/static/chunks/13l3_416eb8n8.css?dpl=dpl_E6gajb6Tnvxx8SZha4AhfjUEeBrz was preloaded using link preload but not used within a few seconds from the window's load event. Please make sure it has an appropriate `as` value and it is preloaded intentionally. @ https://vercel.com/:0
[    7136ms] [WARNING] The resource https://vercel.com/vc-ap-vercel-marketing/_next/static/chunks/2uzm50c04e8te.css?dpl=dpl_E6gajb6Tnvxx8SZha4AhfjUEeBrz was preloaded using link preload but not used within a few seconds from the window's load event. Please make sure it has an appropriate `as` value and it is preloaded intentionally. @ https://vercel.com/:0
[   16245ms] [WARNING] The resource https://vercel.com/vc-ap-vercel-marketing/_next/static/media/9d9927955a95a20d-s.p.0i8f_s95odn18.woff2?dpl=dpl_E6gajb6Tnvxx8SZha4AhfjUEeBrz was preloaded using link preload but not used within a few seconds from the window's load event. Please make sure it has an appropriate `as` value and it is preloaded intentionally. @ https://vercel.com/:0
[   16245ms] [WARNING] The resource https://vercel.com/vc-ap-vercel-marketing/_next/static/chunks/10ue55jnn7mcb.css?dpl=dpl_E6gajb6Tnvxx8SZha4AhfjUEeBrz was preloaded using link preload but not used within a few seconds from the window's load event. Please make sure it has an appropriate `as` value and it is preloaded intentionally. @ https://vercel.com/:0
[   16245ms] [WARNING] The resource https://vercel.com/vc-ap-vercel-marketing/_next/static/chunks/2jfkba94r7hen.css?dpl=dpl_E6gajb6Tnvxx8SZha4AhfjUEeBrz was preloaded using link preload but not used within a few seconds from the window's load event. Please make sure it has an appropriate `as` value and it is preloaded intentionally. @ https://vercel.com/:0
[   16245ms] [WARNING] The resource https://vercel.com/vc-ap-vercel-marketing/_next/static/chunks/01e_qjxec7p64.css?dpl=dpl_E6gajb6Tnvxx8SZha4AhfjUEeBrz was preloaded using link preload but not used within a few seconds from the window's load event. Please make sure it has an appropriate `as` value and it is preloaded intentionally. @ https://vercel.com/:0
[   16245ms] [WARNING] The resource https://vercel.com/vc-ap-vercel-marketing/_next/static/chunks/3w1ckg6j5byxq.css?dpl=dpl_E6gajb6Tnvxx8SZha4AhfjUEeBrz was preloaded using link preload but not used within a few seconds from the window's load event. Please make sure it has an appropriate `as` value and it is preloaded intentionally. @ https://vercel.com/:0
[   16245ms] [WARNING] The resource https://vercel.com/vc-ap-vercel-marketing/_next/static/chunks/3g-17wzn4vvtd.css?dpl=dpl_E6gajb6Tnvxx8SZha4AhfjUEeBrz was preloaded using link preload but not used within a few seconds from the window's load event. Please make sure it has an appropriate `as` value and it is preloaded intentionally. @ https://vercel.com/:0
[   16245ms] [WARNING] The resource https://vercel.com/vc-ap-vercel-marketing/_next/static/chunks/205-84plau5m0.css?dpl=dpl_E6gajb6Tnvxx8SZha4AhfjUEeBrz was preloaded using link preload but not used within a few seconds from the window's load event. Please make sure it has an appropriate `as` value and it is preloaded intentionally. @ https://vercel.com/:0
[   16245ms] [WARNING] The resource https://vercel.com/vc-ap-vercel-marketing/_next/static/chunks/1cp25b5xba1g-.css?dpl=dpl_E6gajb6Tnvxx8SZha4AhfjUEeBrz was preloaded using link preload but not used within a few seconds from the window's load event. Please make sure it has an appropriate `as` value and it is preloaded intentionally. @ https://vercel.com/:0
[   16245ms] [WARNING] The resource https://vercel.com/vc-ap-vercel-marketing/_next/static/chunks/2q0l1cobusu18.css?dpl=dpl_E6gajb6Tnvxx8SZha4AhfjUEeBrz was preloaded using link preload but not used within a few seconds from the window's load event. Please make sure it has an appropriate `as` value and it is preloaded intentionally. @ https://vercel.com/:0
[   16245ms] [WARNING] The resource https://vercel.com/vc-ap-vercel-marketing/_next/static/chunks/2u6-68bzum7ei.css?dpl=dpl_E6gajb6Tnvxx8SZha4AhfjUEeBrz was preloaded using link preload but not used within a few seconds from the window's load event. Please make sure it has an appropriate `as` value and it is preloaded intentionally. @ https://vercel.com/:0
[   16245ms] [WARNING] The resource https://vercel.com/vc-ap-vercel-marketing/_next/static/chunks/2u9t0ep8nc2r2.css?dpl=dpl_E6gajb6Tnvxx8SZha4AhfjUEeBrz was preloaded using link preload but not used within a few seconds from the window's load event. Please make sure it has an appropriate `as` value and it is preloaded intentionally. @ https://vercel.com/:0
[   16245ms] [WARNING] The resource https://vercel.com/vc-ap-vercel-marketing/_next/static/chunks/3n1dcvg19useq.css?dpl=dpl_E6gajb6Tnvxx8SZha4AhfjUEeBrz was preloaded using link preload but not used within a few seconds from the window's load event. Please make sure it has an appropriate `as` value and it is preloaded intentionally. @ https://vercel.com/:0
[   16245ms] [WARNING] The resource https://vercel.com/vc-ap-vercel-marketing/_next/static/chunks/431l2c4co55ve.css?dpl=dpl_E6gajb6Tnvxx8SZha4AhfjUEeBrz was preloaded using link preload but not used within a few seconds from the window's load event. Please make sure it has an appropriate `as` value and it is preloaded intentionally. @ https://vercel.com/:0
[   16245ms] [WARNING] The resource https://vercel.com/vc-ap-vercel-marketing/_next/static/chunks/07ocf8uxia3v1.css?dpl=dpl_E6gajb6Tnvxx8SZha4AhfjUEeBrz was preloaded using link preload but not used within a few seconds from the window's load event. Please make sure it has an appropriate `as` value and it is preloaded intentionally. @ https://vercel.com/:0
[   16245ms] [WARNING] The resource https://vercel.com/vc-ap-vercel-marketing/_next/static/chunks/0g2go0qk2o1yq.css?dpl=dpl_E6gajb6Tnvxx8SZha4AhfjUEeBrz was preloaded using link preload but not used within a few seconds from the window's load event. Please make sure it has an appropriate `as` value and it is preloaded intentionally. @ https://vercel.com/:0
[   16245ms] [WARNING] The resource https://vercel.com/vc-ap-vercel-marketing/_next/static/chunks/20lrx04dhx3_b.css?dpl=dpl_E6gajb6Tnvxx8SZha4AhfjUEeBrz was preloaded using link preload but not used within a few seconds from the window's load event. Please make sure it has an appropriate `as` value and it is preloaded intentionally. @ https://vercel.com/:0
[   16245ms] [WARNING] The resource https://vercel.com/vc-ap-vercel-marketing/_next/static/chunks/15esvlabgc1d0.css?dpl=dpl_E6gajb6Tnvxx8SZha4AhfjUEeBrz was preloaded using link preload but not used within a few seconds from the window's load event. Please make sure it has an appropriate `as` value and it is preloaded intentionally. @ https://vercel.com/:0
[   16245ms] [WARNING] The resource https://vercel.com/vc-ap-vercel-marketing/_next/static/chunks/3e0zxerqr6pe8.css?dpl=dpl_E6gajb6Tnvxx8SZha4AhfjUEeBrz was preloaded using link preload but not used within a few seconds from the window's load event. Please make sure it has an appropriate `as` value and it is preloaded intentionally. @ https://vercel.com/:0
[   16245ms] [WARNING] The resource https://vercel.com/vc-ap-vercel-marketing/_next/static/chunks/2787g0s1y0d0x.css?dpl=dpl_E6gajb6Tnvxx8SZha4AhfjUEeBrz was preloaded using link preload but not used within a few seconds from the window's load event. Please make sure it has an appropriate `as` value and it is preloaded intentionally. @ https://vercel.com/:0
[   16245ms] [WARNING] The resource https://vercel.com/vc-ap-vercel-marketing/_next/static/chunks/13l3_416eb8n8.css?dpl=dpl_E6gajb6Tnvxx8SZha4AhfjUEeBrz was preloaded using link preload but not used within a few seconds from the window's load event. Please make sure it has an appropriate `as` value and it is preloaded intentionally. @ https://vercel.com/:0
[   16245ms] [WARNING] The resource https://vercel.com/vc-ap-vercel-marketing/_next/static/chunks/2uzm50c04e8te.css?dpl=dpl_E6gajb6Tnvxx8SZha4AhfjUEeBrz was preloaded using link preload but not used within a few seconds from the window's load event. Please make sure it has an appropriate `as` value and it is preloaded intentionally. @ https://vercel.com/:0
[   39668ms] [WARNING] The resource https://vercel.com/vc-ap-vercel-marketing/_next/static/chunks/0-w9rchsl78j0.css?dpl=dpl_E6gajb6Tnvxx8SZha4AhfjUEeBrz was preloaded using link preload but not used within a few seconds from the window's load event. Please make sure it has an appropriate `as` value and it is preloaded intentionally. @ https://vercel.com/:0
[   39668ms] [WARNING] The resource https://vercel.com/vc-ap-vercel-marketing/_next/static/media/9d9927955a95a20d-s.p.0i8f_s95odn18.woff2?dpl=dpl_E6gajb6Tnvxx8SZha4AhfjUEeBrz was preloaded using link preload but not used within a few seconds from the window's load event. Please make sure it has an appropriate `as` value and it is preloaded intentionally. @ https://vercel.com/:0
[   39668ms] [WARNING] The resource https://vercel.com/vc-ap-vercel-marketing/_next/static/chunks/10ue55jnn7mcb.css?dpl=dpl_E6gajb6Tnvxx8SZha4AhfjUEeBrz was preloaded using link preload but not used within a few seconds from the window's load event. Please make sure it has an appropriate `as` value and it is preloaded intentionally. @ https://vercel.com/:0
[   39668ms] [WARNING] The resource https://vercel.com/vc-ap-vercel-marketing/_next/static/chunks/2jfkba94r7hen.css?dpl=dpl_E6gajb6Tnvxx8SZha4AhfjUEeBrz was preloaded using link preload but not used within a few seconds from the window's load event. Please make sure it has an appropriate `as` value and it is preloaded intentionally. @ https://vercel.com/:0
[   39668ms] [WARNING] The resource https://vercel.com/vc-ap-vercel-marketing/_next/static/chunks/01e_qjxec7p64.css?dpl=dpl_E6gajb6Tnvxx8SZha4AhfjUEeBrz was preloaded using link preload but not used within a few seconds from the window's load event. Please make sure it has an appropriate `as` value and it is preloaded intentionally. @ https://vercel.com/:0
[   39668ms] [WARNING] The resource https://vercel.com/vc-ap-vercel-marketing/_next/static/chunks/3w1ckg6j5byxq.css?dpl=dpl_E6gajb6Tnvxx8SZha4AhfjUEeBrz was preloaded using link preload but not used within a few seconds from the window's load event. Please make sure it has an appropriate `as` value and it is preloaded intentionally. @ https://vercel.com/:0
[   39668ms] [WARNING] The resource https://vercel.com/vc-ap-vercel-marketing/_next/static/chunks/3g-17wzn4vvtd.css?dpl=dpl_E6gajb6Tnvxx8SZha4AhfjUEeBrz was preloaded using link preload but not used within a few seconds from the window's load event. Please make sure it has an appropriate `as` value and it is preloaded intentionally. @ https://vercel.com/:0
[   39668ms] [WARNING] The resource https://vercel.com/vc-ap-vercel-marketing/_next/static/chunks/205-84plau5m0.css?dpl=dpl_E6gajb6Tnvxx8SZha4AhfjUEeBrz was preloaded using link preload but not used within a few seconds from the window's load event. Please make sure it has an appropriate `as` value and it is preloaded intentionally. @ https://vercel.com/:0
[   39668ms] [WARNING] The resource https://vercel.com/vc-ap-vercel-marketing/_next/static/chunks/1cp25b5xba1g-.css?dpl=dpl_E6gajb6Tnvxx8SZha4AhfjUEeBrz was preloaded using link preload but not used within a few seconds from the window's load event. Please make sure it has an appropriate `as` value and it is preloaded intentionally. @ https://vercel.com/:0
[   39668ms] [WARNING] The resource https://vercel.com/vc-ap-vercel-marketing/_next/static/chunks/2q0l1cobusu18.css?dpl=dpl_E6gajb6Tnvxx8SZha4AhfjUEeBrz was preloaded using link preload but not used within a few seconds from the window's load event. Please make sure it has an appropriate `as` value and it is preloaded intentionally. @ https://vercel.com/:0
[   39668ms] [WARNING] The resource https://vercel.com/vc-ap-vercel-marketing/_next/static/chunks/2u6-68bzum7ei.css?dpl=dpl_E6gajb6Tnvxx8SZha4AhfjUEeBrz was preloaded using link preload but not used within a few seconds from the window's load event. Please make sure it has an appropriate `as` value and it is preloaded intentionally. @ https://vercel.com/:0
[   39668ms] [WARNING] The resource https://vercel.com/vc-ap-vercel-marketing/_next/static/chunks/2u9t0ep8nc2r2.css?dpl=dpl_E6gajb6Tnvxx8SZha4AhfjUEeBrz was preloaded using link preload but not used within a few seconds from the window's load event. Please make sure it has an appropriate `as` value and it is preloaded intentionally. @ https://vercel.com/:0
[   39668ms] [WARNING] The resource https://vercel.com/vc-ap-vercel-marketing/_next/static/chunks/3n1dcvg19useq.css?dpl=dpl_E6gajb6Tnvxx8SZha4AhfjUEeBrz was preloaded using link preload but not used within a few seconds from the window's load event. Please make sure it has an appropriate `as` value and it is preloaded intentionally. @ https://vercel.com/:0
[   39668ms] [WARNING] The resource https://vercel.com/vc-ap-vercel-marketing/_next/static/chunks/431l2c4co55ve.css?dpl=dpl_E6gajb6Tnvxx8SZha4AhfjUEeBrz was preloaded using link preload but not used within a few seconds from the window's load event. Please make sure it has an appropriate `as` value and it is preloaded intentionally. @ https://vercel.com/:0
[   39668ms] [WARNING] The resource https://vercel.com/vc-ap-vercel-marketing/_next/static/chunks/07ocf8uxia3v1.css?dpl=dpl_E6gajb6Tnvxx8SZha4AhfjUEeBrz was preloaded using link preload but not used within a few seconds from the window's load event. Please make sure it has an appropriate `as` value and it is preloaded intentionally. @ https://vercel.com/:0
[   39668ms] [WARNING] The resource https://vercel.com/vc-ap-vercel-marketing/_next/static/chunks/0g2go0qk2o1yq.css?dpl=dpl_E6gajb6Tnvxx8SZha4AhfjUEeBrz was preloaded using link preload but not used within a few seconds from the window's load event. Please make sure it has an appropriate `as` value and it is preloaded intentionally. @ https://vercel.com/:0
[   39668ms] [WARNING] The resource https://vercel.com/vc-ap-vercel-marketing/_next/static/chunks/20lrx04dhx3_b.css?dpl=dpl_E6gajb6Tnvxx8SZha4AhfjUEeBrz was preloaded using link preload but not used within a few seconds from the window's load event. Please make sure it has an appropriate `as` value and it is preloaded intentionally. @ https://vercel.com/:0
[   39668ms] [WARNING] The resource https://vercel.com/vc-ap-vercel-marketing/_next/static/chunks/15esvlabgc1d0.css?dpl=dpl_E6gajb6Tnvxx8SZha4AhfjUEeBrz was preloaded using link preload but not used within a few seconds from the window's load event. Please make sure it has an appropriate `as` value and it is preloaded intentionally. @ https://vercel.com/:0
[   39668ms] [WARNING] The resource https://vercel.com/vc-ap-vercel-marketing/_next/static/chunks/3e0zxerqr6pe8.css?dpl=dpl_E6gajb6Tnvxx8SZha4AhfjUEeBrz was preloaded using link preload but not used within a few seconds from the window's load event. Please make sure it has an appropriate `as` value and it is preloaded intentionally. @ https://vercel.com/:0
[   39668ms] [WARNING] The resource https://vercel.com/vc-ap-vercel-marketing/_next/static/chunks/2787g0s1y0d0x.css?dpl=dpl_E6gajb6Tnvxx8SZha4AhfjUEeBrz was preloaded using link preload but not used within a few seconds from the window's load event. Please make sure it has an appropriate `as` value and it is preloaded intentionally. @ https://vercel.com/:0
[   39668ms] [WARNING] The resource https://vercel.com/vc-ap-vercel-marketing/_next/static/chunks/13l3_416eb8n8.css?dpl=dpl_E6gajb6Tnvxx8SZha4AhfjUEeBrz was preloaded using link preload but not used within a few seconds from the window's load event. Please make sure it has an appropriate `as` value and it is preloaded intentionally. @ https://vercel.com/:0
[   39668ms] [WARNING] The resource https://vercel.com/vc-ap-vercel-marketing/_next/static/chunks/04w_ydc_s4asg.css?dpl=dpl_E6gajb6Tnvxx8SZha4AhfjUEeBrz was preloaded using link preload but not used within a few seconds from the window's load event. Please make sure it has an appropriate `as` value and it is preloaded intentionally. @ https://vercel.com/:0
[   39668ms] [WARNING] The resource https://vercel.com/vc-ap-vercel-marketing/_next/static/chunks/2uzm50c04e8te.css?dpl=dpl_E6gajb6Tnvxx8SZha4AhfjUEeBrz was preloaded using link preload but not used within a few seconds from the window's load event. Please make sure it has an appropriate `as` value and it is preloaded intentionally. @ https://vercel.com/:0
